16:09:10.291 [main                     ] DEBUG Logger               - Configured Logger
16:09:10.310 [main                     ] DEBUG GameApplication      - Logging settings
Title: Untitled
Version: 0.0
Width: 800
Height: 600
Fullscreen: false
Intro: false
Profiling: false
Single step:false
App Mode: DEVELOPER
Menu Key: ESCAPE
Stage Style: DECORATED
Scene Factory: class com.almasb.fxgl.app.scene.SceneFactory

16:09:10.719 [JavaFX Application Thread] DEBUG FXGLApplication      - Initializing FXGL
16:09:10.728 [JavaFX Application Thread] INFO  Engine               - FXGL-25 (05.02.2026 22.57) on LINUX (J:25.0.2 FX:21.0.6)
16:09:10.729 [JavaFX Application Thread] DEBUG Engine               - JRE Vendor Name: Arch Linux
16:09:10.729 [JavaFX Application Thread] DEBUG Engine               - Running on OS: Linux version 6.18.9-arch1-2
16:09:10.729 [JavaFX Application Thread] DEBUG Engine               - Architecture: amd64
16:09:10.729 [JavaFX Application Thread] INFO  Engine               - Source code and latest versions at: https://github.com/AlmasB/FXGL
16:09:10.729 [JavaFX Application Thread] INFO  Engine               -       Ask questions and discuss at: https://github.com/AlmasB/FXGL/discussions
16:09:10.881 [JavaFX Application Thread] DEBUG PrimaryStageWindow   - Creating a JavaFX scene
16:09:11.028 [JavaFX Application Thread] DEBUG PrimaryStageWindow   - Target settings size: 800.0 x 600.0
16:09:11.028 [JavaFX Application Thread] DEBUG PrimaryStageWindow   - Scaled scene size:    800.0 x 600.0
16:09:11.028 [JavaFX Application Thread] DEBUG PrimaryStageWindow   - Scaled ratio: (1.0, 1.0)
16:09:11.030 [JavaFX Application Thread] DEBUG PrimaryStageWindow   - Set initial scene to FXGLStartupScene
16:09:11.035 [JavaFX Application Thread] DEBUG PrimaryStageWindow   - Opening main window
16:09:11.151 [JavaFX Application Thread] DEBUG PrimaryStageWindow   - Window border size: (0.0, 35.0)
16:09:11.151 [JavaFX Application Thread] DEBUG PrimaryStageWindow   - Scaled size: 800.0 x 565.0
16:09:11.151 [JavaFX Application Thread] DEBUG PrimaryStageWindow   - Scaled ratio: (1.0, 0.9416666666666667)
16:09:11.152 [JavaFX Application Thread] DEBUG PrimaryStageWindow   - Scene size: 800.0 x 600.0
16:09:11.152 [JavaFX Application Thread] DEBUG PrimaryStageWindow   - Stage size: 800.0 x 600.0
16:09:11.163 [FXGL Background Thread 1 ] DEBUG Engine               - Initializing environment variables
16:09:11.264 [FXGL Background Thread 1 ] DEBUG FXGLAssetLoaderServi - User app class for loading assets: class TestPackage.BasicGameSample
16:09:11.264 [FXGL Background Thread 1 ] DEBUG GameApplicationServi - Applying CSS: fxgl_dark.css
16:09:11.265 [FXGL Background Thread 1 ] DEBUG FXGLAssetLoaderServi - Loading from file system: jar:file:///home/me/.m2/repository/com/github/almasb/fxgl/25/fxgl-25.jar!/fxglassets/ui/css/fxgl_dark.css
16:09:11.349 [FXGL Background Thread 1 ] DEBUG GameApplicationServi - Initializing application scenes
16:09:11.435 [FXGL Background Thread 1 ] DEBUG GameWorld            - Game world initialized
16:09:11.563 [FXGL Background Thread 1 ] DEBUG PhysicsWorld         - Physics world initialized: appHeight=600, physics.ppm=50.0
16:09:11.564 [FXGL Background Thread 1 ] DEBUG PhysicsWorld         - Using strategy: BRUTE_FORCE
16:09:11.575 [FXGL Background Thread 1 ] DEBUG GameScene            - Game scene initialized: 800x600
16:09:11.604 [FXGL Background Thread 1 ] DEBUG FXGL.DefaultMenu     - createMenuBodyGameMenu()
16:09:11.630 [FXGL Background Thread 1 ] DEBUG FXGL.DefaultMenu     - createOptionsMenu()
16:09:11.651 [FXGL Background Thread 1 ] DEBUG FXGLAssetLoaderServi - Loading from file system: jar:file:///home/me/.m2/repository/com/github/almasb/fxgl/25/fxgl-25.jar!/fxglassets/textures/particles/smoke.png
16:09:11.862 [FXGL Background Thread 1 ] DEBUG FXGLAssetLoaderServi - Loading from file system: jar:file:///home/me/.m2/repository/com/github/almasb/fxgl/25/fxgl-25.jar!/fxglassets/textures/particles/trace_horizontal.png
16:09:11.942 [FXGL Background Thread 1 ] DEBUG GameApplicationServi - Application scenes initialized
16:09:11.968 [FXGL Background Thread 1 ] DEBUG SystemBundleService  - Loading FXGL system data
16:09:11.977 [FXGL Background Thread 1 ] DEBUG FileSystemAccess     - Reading from: /home/me/ComProg_Project/system/fxgl.bundle
16:09:11.994 [FXGL Background Thread 1 ] DEBUG SystemBundleService  - Bundle FXGL: {}
16:09:11.994 [FXGL Background Thread 1 ] DEBUG UpdaterService       - Checking for updates
16:09:12.007 [FXGL Background Thread 4 ] DEBUG FXGLApplication      - Loading fonts
16:09:12.008 [FXGL Background Thread 4 ] DEBUG FXGLAssetLoaderServi - Loading from file system: jar:file:///home/me/.m2/repository/com/github/almasb/fxgl/25/fxgl-25.jar!/fxglassets/ui/fonts/VarelaRound-Regular.ttf
16:09:12.009 [FXGL Background Thread 1 ] DEBUG FXGLApplication      - Loading default localization
16:09:12.011 [FXGL Background Thread 1 ] DEBUG FXGLAssetLoaderServi - Loading from file system: jar:file:///home/me/.m2/repository/com/github/almasb/fxgl/25/fxgl-25.jar!/fxglassets/languages/english.lang
16:09:12.029 [FXGL Background Thread 4 ] DEBUG FXGLAssetLoaderServi - Loading from file system: jar:file:///home/me/.m2/repository/com/github/almasb/fxgl/25/fxgl-25.jar!/fxglassets/ui/fonts/Abel-Regular.ttf
16:09:12.034 [FXGL Background Thread 4 ] DEBUG FXGLAssetLoaderServi - Loading from file system: jar:file:///home/me/.m2/repository/com/github/almasb/fxgl/25/fxgl-25.jar!/fxglassets/ui/fonts/TerminalLandMono-Regular.otf
16:09:12.040 [FXGL Background Thread 4 ] DEBUG FXGLAssetLoaderServi - Loading from file system: jar:file:///home/me/.m2/repository/com/github/almasb/fxgl/25/fxgl-25.jar!/fxglassets/ui/fonts/Courier-Prime.ttf
16:09:12.048 [FXGL Background Thread 1 ] INFO  FXGLApplication      - FXGL initialization took: 0.885 sec
16:09:12.051 [JavaFX Application Thread] DEBUG FXGLAssetLoaderServi - Loading from file system: jar:file:///home/me/.m2/repository/com/github/almasb/fxgl/25/fxgl-25.jar!/fxglassets/textures/fxgl_icon.png
16:09:12.110 [JavaFX Application Thread] DEBUG FXGLAssetLoaderServi - Loading from file system: jar:file:///home/me/.m2/repository/com/github/almasb/fxgl/25/fxgl-25.jar!/fxglassets/textures/fxgl_default_cursor.png
16:09:12.138 [JavaFX Application Thread] DEBUG Input                - Registered new binding: Screenshot - CTRL+8
16:09:12.140 [JavaFX Application Thread] DEBUG Input                - Registered new binding: System info dump - CTRL+9
16:09:12.141 [JavaFX Application Thread] DEBUG Input                - Registered new binding: Restart - CTRL+R
16:09:12.143 [JavaFX Application Thread] DEBUG Input                - Registered new binding: Toggle Debug Camera - CTRL+7
16:09:12.151 [JavaFX Application Thread] DEBUG LoopRunner           - Starting loop
16:09:12.151 [JavaFX Application Thread] DEBUG LoopRunner           - Initializing JavaFX AnimationTimerLoop
16:09:12.154 [JavaFX Application Thread] DEBUG GameApplicationServi - Starting new game
16:09:12.155 [JavaFX Application Thread] DEBUG Input                - Clearing active input actions
16:09:12.195 [JavaFX Application Thread] DEBUG GameApplicationServi - Removing overlay from FXGLStartupScene and adding to FXGLLoadingScene
16:09:12.197 [JavaFX Application Thread] DEBUG PrimaryStageWindow   - FXGLStartupScene -> FXGLLoadingScene
16:09:12.197 [JavaFX Application Thread] DEBUG GameApplicationServi - Clearing previous game
16:09:12.197 [JavaFX Application Thread] DEBUG GameScene            - Clearing game scene
16:09:12.198 [JavaFX Application Thread] DEBUG GameWorld            - Clearing game world
16:09:12.198 [JavaFX Application Thread] DEBUG PhysicsWorld         - Clearing physics world
16:09:12.204 [FXGL Background Thread 4 ] DEBUG FXGLApplication      - Initializing game
16:09:12.204 [JavaFX Application Thread] DEBUG FXGLApplication      - Registering font factories with UI factory
16:09:12.279 [FXGL Background Thread 4 ] INFO  FXGLApplication      - Game initialization took: 0.075 sec
16:09:12.514 [JavaFX Application Thread] DEBUG Input                - Clearing active input actions
16:09:12.541 [JavaFX Application Thread] DEBUG GameApplicationServi - Removing overlay from FXGLLoadingScene and adding to GameScene
16:09:12.541 [JavaFX Application Thread] DEBUG PrimaryStageWindow   - FXGLLoadingScene -> GameScene
16:09:15.003 [FXGL Background Thread 3 ] DEBUG Engine               - Logging environment variables
16:09:15.005 [FXGL Background Thread 3 ] DEBUG Engine               - achievements: []
16:09:15.005 [FXGL Background Thread 3 ] DEBUG Engine               - actualHeight: 565.0
16:09:15.006 [FXGL Background Thread 3 ] DEBUG Engine               - actualHeightProperty: ReadOnlyDoubleProperty [value: 565.0]
16:09:15.006 [FXGL Background Thread 3 ] DEBUG Engine               - actualWidth: 800.0
16:09:15.007 [FXGL Background Thread 3 ] DEBUG Engine               - actualWidthProperty: ReadOnlyDoubleProperty [value: 800.0]
16:09:15.007 [FXGL Background Thread 3 ] DEBUG Engine               - appIcon: fxgl_icon.png
16:09:15.007 [FXGL Background Thread 3 ] DEBUG Engine               - applicationMode: DEVELOPER
16:09:15.007 [FXGL Background Thread 3 ] DEBUG Engine               - cSSList: [fxgl_dark.css]
16:09:15.008 [FXGL Background Thread 3 ] DEBUG Engine               - collisionDetectionStrategy: BRUTE_FORCE
16:09:15.008 [FXGL Background Thread 3 ] DEBUG Engine               - configClass: Optional.empty
16:09:15.008 [FXGL Background Thread 3 ] DEBUG Engine               - credits: []
16:09:15.009 [FXGL Background Thread 3 ] DEBUG Engine               - defaultCursor: CursorInfo(imageName=fxgl_default_cursor.png, hotspotX=7.0, hotspotY=6.0)
16:09:15.010 [FXGL Background Thread 3 ] DEBUG Engine               - devBBoxColorProperty: ObjectProperty [value: 0xff0000ff]
16:09:15.010 [FXGL Background Thread 3 ] DEBUG Engine               - devEnableDebugCameraProperty: BooleanProperty [value: false]
16:09:15.010 [FXGL Background Thread 3 ] DEBUG Engine               - devSensorColorProperty: ObjectProperty [value: 0xffff00ff]
16:09:15.011 [FXGL Background Thread 3 ] DEBUG Engine               - devShowBBoxProperty: BooleanProperty [value: false]
16:09:15.011 [FXGL Background Thread 3 ] DEBUG Engine               - devShowPositionProperty: BooleanProperty [value: false]
16:09:15.011 [FXGL Background Thread 3 ] DEBUG Engine               - enabledMenuItems: []
16:09:15.012 [FXGL Background Thread 3 ] DEBUG Engine               - engineServices: [class com.almasb.fxgl.app.services.FXGLAssetLoaderService, class com.almasb.fxgl.app.FXGLApplication$GameApplicationService, class com.almasb.fxgl.app.services.FXGLDialogService, class com.almasb.fxgl.app.services.IOTaskExecutorService, class com.almasb.fxgl.io.FileSystemService, class com.almasb.fxgl.localization.LocalizationService, class com.almasb.fxgl.app.services.SystemBundleService, class com.almasb.fxgl.profile.SaveLoadService, class com.almasb.fxgl.ui.FXGLUIFactoryServiceProvider, class com.almasb.fxgl.ui.FXGLDialogFactoryServiceProvider, class com.almasb.fxgl.audio.AudioPlayer, class com.almasb.fxgl.notification.impl.NotificationServiceProvider, class com.almasb.fxgl.achievement.AchievementService, class com.almasb.fxgl.cutscene.CutsceneService, class com.almasb.fxgl.minigames.MiniGameService, class com.almasb.fxgl.net.NetService, class com.almasb.fxgl.app.services.UpdaterService, class com.almasb.fxgl.dev.DevService]
16:09:15.012 [FXGL Background Thread 3 ] DEBUG Engine               - fontGame: Abel-Regular.ttf
16:09:15.012 [FXGL Background Thread 3 ] DEBUG Engine               - fontMono: TerminalLandMono-Regular.otf
16:09:15.012 [FXGL Background Thread 3 ] DEBUG Engine               - fontSizeScaleUI: 1.0
16:09:15.013 [FXGL Background Thread 3 ] DEBUG Engine               - fontText: Courier-Prime.ttf
16:09:15.013 [FXGL Background Thread 3 ] DEBUG Engine               - fontUI: VarelaRound-Regular.ttf
16:09:15.013 [FXGL Background Thread 3 ] DEBUG Engine               - fpsRefreshRate: 500.0 ms
16:09:15.014 [FXGL Background Thread 3 ] DEBUG Engine               - fullScreen: BooleanProperty [value: false]
16:09:15.014 [FXGL Background Thread 3 ] DEBUG Engine               - gameDifficulty: MEDIUM
16:09:15.014 [FXGL Background Thread 3 ] DEBUG Engine               - gameDifficultyProperty: ObjectProperty [value: MEDIUM]
16:09:15.014 [FXGL Background Thread 3 ] DEBUG Engine               - globalMusicVolume: 0.5
16:09:15.015 [FXGL Background Thread 3 ] DEBUG Engine               - globalMusicVolumeProperty: DoubleProperty [value: 0.5]
16:09:15.015 [FXGL Background Thread 3 ] DEBUG Engine               - globalSoundVolume: 0.5
16:09:15.015 [FXGL Background Thread 3 ] DEBUG Engine               - globalSoundVolumeProperty: DoubleProperty [value: 0.5]
16:09:15.016 [FXGL Background Thread 3 ] DEBUG Engine               - height: 600
16:09:15.016 [FXGL Background Thread 3 ] DEBUG Engine               - is3D: false
16:09:15.016 [FXGL Background Thread 3 ] DEBUG Engine               - isAndroid: false
16:09:15.016 [FXGL Background Thread 3 ] DEBUG Engine               - isBrowser: false
16:09:15.017 [FXGL Background Thread 3 ] DEBUG Engine               - isClickFeedbackEnabled: false
16:09:15.017 [FXGL Background Thread 3 ] DEBUG Engine               - isCloseConfirmation: false
16:09:15.017 [FXGL Background Thread 3 ] DEBUG Engine               - isDesktop: true
16:09:15.017 [FXGL Background Thread 3 ] DEBUG Engine               - isDeveloperMenuEnabled: false
16:09:15.017 [FXGL Background Thread 3 ] DEBUG Engine               - isEmbedded: false
16:09:15.018 [FXGL Background Thread 3 ] DEBUG Engine               - isEntityPreloadEnabled: true
16:09:15.018 [FXGL Background Thread 3 ] DEBUG Engine               - isExperimentalTiledLargeMap: false
16:09:15.018 [FXGL Background Thread 3 ] DEBUG Engine               - isFileSystemWriteAllowed: true
16:09:15.018 [FXGL Background Thread 3 ] DEBUG Engine               - isFullScreenAllowed: false
16:09:15.019 [FXGL Background Thread 3 ] DEBUG Engine               - isFullScreenFromStart: false
16:09:15.019 [FXGL Background Thread 3 ] DEBUG Engine               - isGameMenuEnabled: true
16:09:15.019 [FXGL Background Thread 3 ] DEBUG Engine               - isIOS: false
16:09:15.020 [FXGL Background Thread 3 ] DEBUG Engine               - isIntroEnabled: false
16:09:15.020 [FXGL Background Thread 3 ] DEBUG Engine               - isLinux: true
16:09:15.020 [FXGL Background Thread 3 ] DEBUG Engine               - isMac: false
16:09:15.021 [FXGL Background Thread 3 ] DEBUG Engine               - isMainMenuEnabled: false
16:09:15.021 [FXGL Background Thread 3 ] DEBUG Engine               - isManualResizeEnabled: false
16:09:15.021 [FXGL Background Thread 3 ] DEBUG Engine               - isMobile: false
16:09:15.021 [FXGL Background Thread 3 ] DEBUG Engine               - isNative: false
16:09:15.022 [FXGL Background Thread 3 ] DEBUG Engine               - isPauseMusicWhenMinimized: true
16:09:15.022 [FXGL Background Thread 3 ] DEBUG Engine               - isPreserveResizeRatio: false
16:09:15.022 [FXGL Background Thread 3 ] DEBUG Engine               - isProfilingEnabled: false
16:09:15.022 [FXGL Background Thread 3 ] DEBUG Engine               - isScaleAffectedOnResize: true
16:09:15.023 [FXGL Background Thread 3 ] DEBUG Engine               - isSingleStep: false
16:09:15.023 [FXGL Background Thread 3 ] DEBUG Engine               - isUserProfileEnabled: false
16:09:15.023 [FXGL Background Thread 3 ] DEBUG Engine               - isWindows: false
16:09:15.023 [FXGL Background Thread 3 ] DEBUG Engine               - language: ObjectProperty [value: ENGLISH]
16:09:15.023 [FXGL Background Thread 3 ] DEBUG Engine               - menuKey: ESCAPE
16:09:15.024 [FXGL Background Thread 3 ] DEBUG Engine               - mouseSensitivity: 0.2
16:09:15.024 [FXGL Background Thread 3 ] DEBUG Engine               - notificationViewClass: class com.almasb.fxgl.notification.view.XboxNotificationView
16:09:15.024 [FXGL Background Thread 3 ] DEBUG Engine               - pixelsPerMeter: 50.0
16:09:15.024 [FXGL Background Thread 3 ] DEBUG Engine               - platform: LINUX
16:09:15.024 [FXGL Background Thread 3 ] DEBUG Engine               - prefHeightProperty: ReadOnlyDoubleProperty [value: 600.0]
16:09:15.025 [FXGL Background Thread 3 ] DEBUG Engine               - prefWidthProperty: ReadOnlyDoubleProperty [value: 800.0]
16:09:15.025 [FXGL Background Thread 3 ] DEBUG Engine               - profileDir: profiles/
16:09:15.025 [FXGL Background Thread 3 ] DEBUG Engine               - profileName: StringProperty [value: DEFAULT]
16:09:15.025 [FXGL Background Thread 3 ] DEBUG Engine               - randomSeed: -1
16:09:15.026 [FXGL Background Thread 3 ] DEBUG Engine               - runtimeInfo: RuntimeInfo(platform=LINUX, version=25, build=05.02.2026 22.57)
16:09:15.026 [FXGL Background Thread 3 ] DEBUG Engine               - saveFileExt: sav
16:09:15.026 [FXGL Background Thread 3 ] DEBUG Engine               - scaledHeightProp$fxgl: DoubleProperty [bound, value: 565.0]
16:09:15.027 [FXGL Background Thread 3 ] DEBUG Engine               - scaledWidthProp$fxgl: DoubleProperty [bound, value: 800.0]
16:09:15.027 [FXGL Background Thread 3 ] DEBUG Engine               - sceneFactory: com.almasb.fxgl.app.scene.SceneFactory@48f27aab
16:09:15.027 [FXGL Background Thread 3 ] DEBUG Engine               - secondsIn24h: 60
16:09:15.027 [FXGL Background Thread 3 ] DEBUG Engine               - soundMenuBack: menu/back.wav
16:09:15.027 [FXGL Background Thread 3 ] DEBUG Engine               - soundMenuPress: menu/press.wav
16:09:15.028 [FXGL Background Thread 3 ] DEBUG Engine               - soundMenuSelect: menu/select.wav
16:09:15.028 [FXGL Background Thread 3 ] DEBUG Engine               - soundNotification: core/notification.wav
16:09:15.028 [FXGL Background Thread 3 ] DEBUG Engine               - stageStyle: DECORATED
16:09:15.028 [FXGL Background Thread 3 ] DEBUG Engine               - supportedLanguages: [ENGLISH, FRENCH, GERMAN, HUNGARIAN, RUSSIAN]
16:09:15.028 [FXGL Background Thread 3 ] DEBUG Engine               - ticksPerSecond: -1
16:09:15.029 [FXGL Background Thread 3 ] DEBUG Engine               - title: Untitled
16:09:15.029 [FXGL Background Thread 3 ] DEBUG Engine               - urlGithub: https://github.com/AlmasB/FXGL
16:09:15.029 [FXGL Background Thread 3 ] DEBUG Engine               - urlLeaderboard: http://fxgl-top.herokuapp.com/
16:09:15.029 [FXGL Background Thread 3 ] DEBUG Engine               - urlPOM: https://raw.githubusercontent.com/AlmasB/FXGL/release/README.md
16:09:15.029 [FXGL Background Thread 3 ] DEBUG Engine               - userAppClass: class TestPackage.BasicGameSample
16:09:15.030 [FXGL Background Thread 3 ] DEBUG Engine               - version: 0.0
16:09:15.030 [FXGL Background Thread 3 ] DEBUG Engine               - versionCheckDays: 7
16:09:15.030 [FXGL Background Thread 3 ] DEBUG Engine               - width: 800
16:09:15.030 [FXGL Background Thread 3 ] DEBUG Engine               - Logging services
16:09:15.031 [FXGL Background Thread 3 ] DEBUG Engine               - class com.almasb.fxgl.app.services.FXGLAssetLoaderService
16:09:15.031 [FXGL Background Thread 3 ] DEBUG Engine               - class com.almasb.fxgl.app.FXGLApplication$GameApplicationService
16:09:15.031 [FXGL Background Thread 3 ] DEBUG Engine               - class com.almasb.fxgl.app.services.FXGLDialogService
16:09:15.031 [FXGL Background Thread 3 ] DEBUG Engine               - class com.almasb.fxgl.app.services.IOTaskExecutorService
16:09:15.032 [FXGL Background Thread 3 ] DEBUG Engine               - class com.almasb.fxgl.io.FileSystemService
16:09:15.032 [FXGL Background Thread 3 ] DEBUG Engine               - class com.almasb.fxgl.localization.LocalizationService
16:09:15.032 [FXGL Background Thread 3 ] DEBUG Engine               - class com.almasb.fxgl.app.services.SystemBundleService
16:09:15.032 [FXGL Background Thread 3 ] DEBUG Engine               - class com.almasb.fxgl.profile.SaveLoadService
16:09:15.032 [FXGL Background Thread 3 ] DEBUG Engine               - class com.almasb.fxgl.ui.FXGLUIFactoryServiceProvider
16:09:15.033 [FXGL Background Thread 3 ] DEBUG Engine               - class com.almasb.fxgl.ui.FXGLDialogFactoryServiceProvider
16:09:15.033 [FXGL Background Thread 3 ] DEBUG Engine               - class com.almasb.fxgl.audio.AudioPlayer
16:09:15.033 [FXGL Background Thread 3 ] DEBUG Engine               - class com.almasb.fxgl.notification.impl.NotificationServiceProvider
16:09:15.034 [FXGL Background Thread 3 ] DEBUG Engine               - class com.almasb.fxgl.achievement.AchievementService
16:09:15.034 [FXGL Background Thread 3 ] DEBUG Engine               - class com.almasb.fxgl.cutscene.CutsceneService
16:09:15.034 [FXGL Background Thread 3 ] DEBUG Engine               - class com.almasb.fxgl.minigames.MiniGameService
16:09:15.034 [FXGL Background Thread 3 ] DEBUG Engine               - class com.almasb.fxgl.net.NetService
16:09:15.034 [FXGL Background Thread 3 ] DEBUG Engine               - class com.almasb.fxgl.app.services.UpdaterService
16:09:15.034 [FXGL Background Thread 3 ] DEBUG Engine               - class com.almasb.fxgl.dev.DevService
16:09:45.076 [JavaFX Application Thread] DEBUG FXGLApplication      - Exiting FXGL
16:09:45.076 [JavaFX Application Thread] DEBUG LoopRunner           - Stopping loop
16:09:45.076 [JavaFX Application Thread] DEBUG SystemBundleService  - Saving FXGL system data
16:09:45.079 [JavaFX Application Thread] DEBUG FileSystemAccess     - Writing to: /home/me/ComProg_Project/system/fxgl.bundle
16:09:45.082 [JavaFX Application Thread] DEBUG Async                - Shutting down background threads
16:09:45.082 [JavaFX Application Thread] DEBUG PrimaryStageWindow   - Closing main window
16:09:45.088 [JavaFX Application Thread] DEBUG Logger               - Closing Logger
