17:25:03.313 [main                     ] DEBUG Logger               - Configured Logger
17:25:03.332 [main                     ] DEBUG GameApplication      - Logging settings
Title: Untitled
Version: 0.0
Width: 800
Height: 600
Fullscreen: false
Intro: false
Profiling: false
Single step:false
App Mode: DEVELOPER
Menu Key: ESCAPE
Stage Style: DECORATED
Scene Factory: class com.almasb.fxgl.app.scene.SceneFactory

17:25:03.914 [JavaFX Application Thread] DEBUG FXGLApplication      - Initializing FXGL
17:25:03.925 [JavaFX Application Thread] INFO  Engine               - FXGL-25 (05.02.2026 22.57) on LINUX (J:25.0.2 FX:21.0.6)
17:25:03.926 [JavaFX Application Thread] DEBUG Engine               - JRE Vendor Name: Arch Linux
17:25:03.927 [JavaFX Application Thread] DEBUG Engine               - Running on OS: Linux version 6.18.9-arch1-2
17:25:03.928 [JavaFX Application Thread] DEBUG Engine               - Architecture: amd64
17:25:03.928 [JavaFX Application Thread] INFO  Engine               - Source code and latest versions at: https://github.com/AlmasB/FXGL
17:25:03.928 [JavaFX Application Thread] INFO  Engine               -       Ask questions and discuss at: https://github.com/AlmasB/FXGL/discussions
17:25:04.146 [JavaFX Application Thread] DEBUG PrimaryStageWindow   - Creating a JavaFX scene
17:25:04.378 [JavaFX Application Thread] DEBUG PrimaryStageWindow   - Target settings size: 800.0 x 600.0
17:25:04.379 [JavaFX Application Thread] DEBUG PrimaryStageWindow   - Scaled scene size:    800.0 x 600.0
17:25:04.380 [JavaFX Application Thread] DEBUG PrimaryStageWindow   - Scaled ratio: (1.0, 1.0)
17:25:04.382 [JavaFX Application Thread] DEBUG PrimaryStageWindow   - Set initial scene to FXGLStartupScene
17:25:04.394 [JavaFX Application Thread] DEBUG PrimaryStageWindow   - Opening main window
17:25:04.566 [JavaFX Application Thread] DEBUG PrimaryStageWindow   - Window border size: (0.0, 35.0)
17:25:04.566 [JavaFX Application Thread] DEBUG PrimaryStageWindow   - Scaled size: 800.0 x 565.0
17:25:04.567 [JavaFX Application Thread] DEBUG PrimaryStageWindow   - Scaled ratio: (1.0, 0.9416666666666667)
17:25:04.568 [JavaFX Application Thread] DEBUG PrimaryStageWindow   - Scene size: 800.0 x 600.0
17:25:04.568 [JavaFX Application Thread] DEBUG PrimaryStageWindow   - Stage size: 800.0 x 600.0
17:25:04.584 [FXGL Background Thread 1 ] DEBUG Engine               - Initializing environment variables
17:25:04.741 [FXGL Background Thread 1 ] DEBUG FXGLAssetLoaderServi - User app class for loading assets: class TestPackage.BasicGameSample
17:25:04.742 [FXGL Background Thread 1 ] DEBUG GameApplicationServi - Applying CSS: fxgl_dark.css
17:25:04.744 [FXGL Background Thread 1 ] DEBUG FXGLAssetLoaderServi - Loading from file system: jar:file:///home/me/.m2/repository/com/github/almasb/fxgl/25/fxgl-25.jar!/fxglassets/ui/css/fxgl_dark.css
17:25:04.883 [FXGL Background Thread 1 ] DEBUG GameApplicationServi - Initializing application scenes
17:25:04.983 [FXGL Background Thread 1 ] DEBUG GameWorld            - Game world initialized
17:25:05.153 [FXGL Background Thread 1 ] DEBUG PhysicsWorld         - Physics world initialized: appHeight=600, physics.ppm=50.0
17:25:05.154 [FXGL Background Thread 1 ] DEBUG PhysicsWorld         - Using strategy: BRUTE_FORCE
17:25:05.169 [FXGL Background Thread 1 ] DEBUG GameScene            - Game scene initialized: 800x600
17:25:05.228 [FXGL Background Thread 1 ] DEBUG FXGL.DefaultMenu     - createMenuBodyGameMenu()
17:25:05.277 [FXGL Background Thread 1 ] DEBUG FXGL.DefaultMenu     - createOptionsMenu()
17:25:05.313 [FXGL Background Thread 1 ] DEBUG FXGLAssetLoaderServi - Loading from file system: jar:file:///home/me/.m2/repository/com/github/almasb/fxgl/25/fxgl-25.jar!/fxglassets/textures/particles/smoke.png
17:25:05.686 [FXGL Background Thread 1 ] DEBUG FXGLAssetLoaderServi - Loading from file system: jar:file:///home/me/.m2/repository/com/github/almasb/fxgl/25/fxgl-25.jar!/fxglassets/textures/particles/trace_horizontal.png
17:25:05.818 [FXGL Background Thread 1 ] DEBUG GameApplicationServi - Application scenes initialized
17:25:05.859 [FXGL Background Thread 1 ] DEBUG SystemBundleService  - Loading FXGL system data
17:25:05.871 [FXGL Background Thread 1 ] DEBUG FileSystemAccess     - Reading from: /home/me/ComProg_Project/system/fxgl.bundle
17:25:05.896 [FXGL Background Thread 1 ] DEBUG SystemBundleService  - Bundle FXGL: {}
17:25:05.897 [FXGL Background Thread 1 ] DEBUG UpdaterService       - Checking for updates
17:25:05.915 [FXGL Background Thread 4 ] DEBUG FXGLApplication      - Loading fonts
17:25:05.916 [FXGL Background Thread 4 ] DEBUG FXGLAssetLoaderServi - Loading from file system: jar:file:///home/me/.m2/repository/com/github/almasb/fxgl/25/fxgl-25.jar!/fxglassets/ui/fonts/VarelaRound-Regular.ttf
17:25:05.918 [FXGL Background Thread 1 ] DEBUG FXGLApplication      - Loading default localization
17:25:05.920 [FXGL Background Thread 1 ] DEBUG FXGLAssetLoaderServi - Loading from file system: jar:file:///home/me/.m2/repository/com/github/almasb/fxgl/25/fxgl-25.jar!/fxglassets/languages/english.lang
17:25:05.947 [FXGL Background Thread 4 ] DEBUG FXGLAssetLoaderServi - Loading from file system: jar:file:///home/me/.m2/repository/com/github/almasb/fxgl/25/fxgl-25.jar!/fxglassets/ui/fonts/Abel-Regular.ttf
17:25:05.954 [FXGL Background Thread 4 ] DEBUG FXGLAssetLoaderServi - Loading from file system: jar:file:///home/me/.m2/repository/com/github/almasb/fxgl/25/fxgl-25.jar!/fxglassets/ui/fonts/TerminalLandMono-Regular.otf
17:25:05.962 [FXGL Background Thread 4 ] DEBUG FXGLAssetLoaderServi - Loading from file system: jar:file:///home/me/.m2/repository/com/github/almasb/fxgl/25/fxgl-25.jar!/fxglassets/ui/fonts/Courier-Prime.ttf
17:25:05.978 [FXGL Background Thread 1 ] INFO  FXGLApplication      - FXGL initialization took: 1.394 sec
17:25:05.983 [JavaFX Application Thread] DEBUG FXGLApplication      - Registering font factories with UI factory
17:25:05.992 [JavaFX Application Thread] DEBUG FXGLAssetLoaderServi - Loading from file system: jar:file:///home/me/.m2/repository/com/github/almasb/fxgl/25/fxgl-25.jar!/fxglassets/textures/fxgl_icon.png
17:25:06.114 [JavaFX Application Thread] DEBUG FXGLAssetLoaderServi - Loading from file system: jar:file:///home/me/.m2/repository/com/github/almasb/fxgl/25/fxgl-25.jar!/fxglassets/textures/fxgl_default_cursor.png
17:25:06.169 [JavaFX Application Thread] DEBUG Input                - Registered new binding: Screenshot - CTRL+8
17:25:06.171 [JavaFX Application Thread] DEBUG Input                - Registered new binding: System info dump - CTRL+9
17:25:06.172 [JavaFX Application Thread] DEBUG Input                - Registered new binding: Restart - CTRL+R
17:25:06.178 [JavaFX Application Thread] DEBUG Input                - Registered new binding: Toggle Debug Camera - CTRL+7
17:25:06.191 [JavaFX Application Thread] DEBUG LoopRunner           - Starting loop
17:25:06.191 [JavaFX Application Thread] DEBUG LoopRunner           - Initializing JavaFX AnimationTimerLoop
17:25:06.195 [JavaFX Application Thread] DEBUG GameApplicationServi - Starting new game
17:25:06.197 [JavaFX Application Thread] DEBUG Input                - Clearing active input actions
17:25:06.258 [JavaFX Application Thread] DEBUG GameApplicationServi - Removing overlay from FXGLStartupScene and adding to FXGLLoadingScene
17:25:06.259 [JavaFX Application Thread] DEBUG PrimaryStageWindow   - FXGLStartupScene -> FXGLLoadingScene
17:25:06.260 [JavaFX Application Thread] DEBUG GameApplicationServi - Clearing previous game
17:25:06.260 [JavaFX Application Thread] DEBUG GameScene            - Clearing game scene
17:25:06.260 [JavaFX Application Thread] DEBUG GameWorld            - Clearing game world
17:25:06.261 [JavaFX Application Thread] DEBUG PhysicsWorld         - Clearing physics world
17:25:06.266 [FXGL Background Thread 1 ] DEBUG FXGLApplication      - Initializing game
17:25:06.420 [FXGL Background Thread 1 ] DEBUG FXGLAssetLoaderServi - Loading from file system: file:/home/me/ComProg_Project/target/classes/assets/textures/idle_sprite.png
17:25:06.511 [FXGL Background Thread 1 ] INFO  FXGLApplication      - Game initialization took: 0.244 sec
17:25:06.887 [JavaFX Application Thread] DEBUG Input                - Clearing active input actions
17:25:06.952 [JavaFX Application Thread] DEBUG GameApplicationServi - Removing overlay from FXGLLoadingScene and adding to GameScene
17:25:06.954 [JavaFX Application Thread] DEBUG PrimaryStageWindow   - FXGLLoadingScene -> GameScene
17:25:08.908 [FXGL Background Thread 3 ] DEBUG Engine               - Logging environment variables
17:25:08.911 [FXGL Background Thread 3 ] DEBUG Engine               - achievements: []
17:25:08.912 [FXGL Background Thread 3 ] DEBUG Engine               - actualHeight: 958.0
17:25:08.912 [FXGL Background Thread 3 ] DEBUG Engine               - actualHeightProperty: ReadOnlyDoubleProperty [value: 865.0]
17:25:08.913 [FXGL Background Thread 3 ] DEBUG Engine               - actualWidth: 938.0
17:25:08.913 [FXGL Background Thread 3 ] DEBUG Engine               - actualWidthProperty: ReadOnlyDoubleProperty [value: 1202.0]
17:25:08.914 [FXGL Background Thread 3 ] DEBUG Engine               - appIcon: fxgl_icon.png
17:25:08.914 [FXGL Background Thread 3 ] DEBUG Engine               - applicationMode: DEVELOPER
17:25:08.915 [FXGL Background Thread 3 ] DEBUG Engine               - cSSList: [fxgl_dark.css]
17:25:08.915 [FXGL Background Thread 3 ] DEBUG Engine               - collisionDetectionStrategy: BRUTE_FORCE
17:25:08.915 [FXGL Background Thread 3 ] DEBUG Engine               - configClass: Optional.empty
17:25:08.916 [FXGL Background Thread 3 ] DEBUG Engine               - credits: []
17:25:08.917 [FXGL Background Thread 3 ] DEBUG Engine               - defaultCursor: CursorInfo(imageName=fxgl_default_cursor.png, hotspotX=7.0, hotspotY=6.0)
17:25:08.918 [FXGL Background Thread 3 ] DEBUG Engine               - devBBoxColorProperty: ObjectProperty [value: 0xff0000ff]
17:25:08.918 [FXGL Background Thread 3 ] DEBUG Engine               - devEnableDebugCameraProperty: BooleanProperty [value: false]
17:25:08.919 [FXGL Background Thread 3 ] DEBUG Engine               - devSensorColorProperty: ObjectProperty [value: 0xffff00ff]
17:25:08.919 [FXGL Background Thread 3 ] DEBUG Engine               - devShowBBoxProperty: BooleanProperty [value: false]
17:25:08.920 [FXGL Background Thread 3 ] DEBUG Engine               - devShowPositionProperty: BooleanProperty [value: false]
17:25:08.920 [FXGL Background Thread 3 ] DEBUG Engine               - enabledMenuItems: []
17:25:08.921 [FXGL Background Thread 3 ] DEBUG Engine               - engineServices: [class com.almasb.fxgl.app.services.FXGLAssetLoaderService, class com.almasb.fxgl.app.FXGLApplication$GameApplicationService, class com.almasb.fxgl.app.services.FXGLDialogService, class com.almasb.fxgl.app.services.IOTaskExecutorService, class com.almasb.fxgl.io.FileSystemService, class com.almasb.fxgl.localization.LocalizationService, class com.almasb.fxgl.app.services.SystemBundleService, class com.almasb.fxgl.profile.SaveLoadService, class com.almasb.fxgl.ui.FXGLUIFactoryServiceProvider, class com.almasb.fxgl.ui.FXGLDialogFactoryServiceProvider, class com.almasb.fxgl.audio.AudioPlayer, class com.almasb.fxgl.notification.impl.NotificationServiceProvider, class com.almasb.fxgl.achievement.AchievementService, class com.almasb.fxgl.cutscene.CutsceneService, class com.almasb.fxgl.minigames.MiniGameService, class com.almasb.fxgl.net.NetService, class com.almasb.fxgl.app.services.UpdaterService, class com.almasb.fxgl.dev.DevService]
17:25:08.921 [FXGL Background Thread 3 ] DEBUG Engine               - fontGame: Abel-Regular.ttf
17:25:08.922 [FXGL Background Thread 3 ] DEBUG Engine               - fontMono: TerminalLandMono-Regular.otf
17:25:08.922 [FXGL Background Thread 3 ] DEBUG Engine               - fontSizeScaleUI: 1.0
17:25:08.923 [FXGL Background Thread 3 ] DEBUG Engine               - fontText: Courier-Prime.ttf
17:25:08.923 [FXGL Background Thread 3 ] DEBUG Engine               - fontUI: VarelaRound-Regular.ttf
17:25:08.925 [FXGL Background Thread 3 ] DEBUG Engine               - fpsRefreshRate: 500.0 ms
17:25:08.925 [FXGL Background Thread 3 ] DEBUG Engine               - fullScreen: BooleanProperty [value: false]
17:25:08.926 [FXGL Background Thread 3 ] DEBUG Engine               - gameDifficulty: MEDIUM
17:25:08.926 [FXGL Background Thread 3 ] DEBUG Engine               - gameDifficultyProperty: ObjectProperty [value: MEDIUM]
17:25:08.927 [FXGL Background Thread 3 ] DEBUG Engine               - globalMusicVolume: 0.5
17:25:08.928 [FXGL Background Thread 3 ] DEBUG Engine               - globalMusicVolumeProperty: DoubleProperty [value: 0.5]
17:25:08.928 [FXGL Background Thread 3 ] DEBUG Engine               - globalSoundVolume: 0.5
17:25:08.929 [FXGL Background Thread 3 ] DEBUG Engine               - globalSoundVolumeProperty: DoubleProperty [value: 0.5]
17:25:08.930 [FXGL Background Thread 3 ] DEBUG Engine               - height: 600
17:25:08.930 [FXGL Background Thread 3 ] DEBUG Engine               - is3D: false
17:25:08.931 [FXGL Background Thread 3 ] DEBUG Engine               - isAndroid: false
17:25:08.932 [FXGL Background Thread 3 ] DEBUG Engine               - isBrowser: false
17:25:08.932 [FXGL Background Thread 3 ] DEBUG Engine               - isClickFeedbackEnabled: false
17:25:08.933 [FXGL Background Thread 3 ] DEBUG Engine               - isCloseConfirmation: false
17:25:08.933 [FXGL Background Thread 3 ] DEBUG Engine               - isDesktop: true
17:25:08.934 [FXGL Background Thread 3 ] DEBUG Engine               - isDeveloperMenuEnabled: false
17:25:08.934 [FXGL Background Thread 3 ] DEBUG Engine               - isEmbedded: false
17:25:08.934 [FXGL Background Thread 3 ] DEBUG Engine               - isEntityPreloadEnabled: true
17:25:08.935 [FXGL Background Thread 3 ] DEBUG Engine               - isExperimentalTiledLargeMap: false
17:25:08.936 [FXGL Background Thread 3 ] DEBUG Engine               - isFileSystemWriteAllowed: true
17:25:08.936 [FXGL Background Thread 3 ] DEBUG Engine               - isFullScreenAllowed: false
17:25:08.937 [FXGL Background Thread 3 ] DEBUG Engine               - isFullScreenFromStart: false
17:25:08.937 [FXGL Background Thread 3 ] DEBUG Engine               - isGameMenuEnabled: true
17:25:08.938 [FXGL Background Thread 3 ] DEBUG Engine               - isIOS: false
17:25:08.938 [FXGL Background Thread 3 ] DEBUG Engine               - isIntroEnabled: false
17:25:08.939 [FXGL Background Thread 3 ] DEBUG Engine               - isLinux: true
17:25:08.939 [FXGL Background Thread 3 ] DEBUG Engine               - isMac: false
17:25:08.940 [FXGL Background Thread 3 ] DEBUG Engine               - isMainMenuEnabled: false
17:25:08.940 [FXGL Background Thread 3 ] DEBUG Engine               - isManualResizeEnabled: false
17:25:08.941 [FXGL Background Thread 3 ] DEBUG Engine               - isMobile: false
17:25:08.941 [FXGL Background Thread 3 ] DEBUG Engine               - isNative: false
17:25:08.942 [FXGL Background Thread 3 ] DEBUG Engine               - isPauseMusicWhenMinimized: true
17:25:08.942 [FXGL Background Thread 3 ] DEBUG Engine               - isPreserveResizeRatio: false
17:25:08.943 [FXGL Background Thread 3 ] DEBUG Engine               - isProfilingEnabled: false
17:25:08.943 [FXGL Background Thread 3 ] DEBUG Engine               - isScaleAffectedOnResize: true
17:25:08.944 [FXGL Background Thread 3 ] DEBUG Engine               - isSingleStep: false
17:25:08.944 [FXGL Background Thread 3 ] DEBUG Engine               - isUserProfileEnabled: false
17:25:08.945 [FXGL Background Thread 3 ] DEBUG Engine               - isWindows: false
17:25:08.945 [FXGL Background Thread 3 ] DEBUG Engine               - language: ObjectProperty [value: ENGLISH]
17:25:08.945 [FXGL Background Thread 3 ] DEBUG Engine               - menuKey: ESCAPE
17:25:08.946 [FXGL Background Thread 3 ] DEBUG Engine               - mouseSensitivity: 0.2
17:25:08.946 [FXGL Background Thread 3 ] DEBUG Engine               - notificationViewClass: class com.almasb.fxgl.notification.view.XboxNotificationView
17:25:08.946 [FXGL Background Thread 3 ] DEBUG Engine               - pixelsPerMeter: 50.0
17:25:08.947 [FXGL Background Thread 3 ] DEBUG Engine               - platform: LINUX
17:25:08.947 [FXGL Background Thread 3 ] DEBUG Engine               - prefHeightProperty: ReadOnlyDoubleProperty [value: 600.0]
17:25:08.948 [FXGL Background Thread 3 ] DEBUG Engine               - prefWidthProperty: ReadOnlyDoubleProperty [value: 800.0]
17:25:08.948 [FXGL Background Thread 3 ] DEBUG Engine               - profileDir: profiles/
17:25:08.948 [FXGL Background Thread 3 ] DEBUG Engine               - profileName: StringProperty [value: DEFAULT]
17:25:08.949 [FXGL Background Thread 3 ] DEBUG Engine               - randomSeed: -1
17:25:08.950 [FXGL Background Thread 3 ] DEBUG Engine               - runtimeInfo: RuntimeInfo(platform=LINUX, version=25, build=05.02.2026 22.57)
17:25:08.950 [FXGL Background Thread 3 ] DEBUG Engine               - saveFileExt: sav
17:25:08.951 [FXGL Background Thread 3 ] DEBUG Engine               - scaledHeightProp$fxgl: DoubleProperty [bound, value: 865.0]
17:25:08.951 [FXGL Background Thread 3 ] DEBUG Engine               - scaledWidthProp$fxgl: DoubleProperty [bound, value: 1202.0]
17:25:08.952 [FXGL Background Thread 3 ] DEBUG Engine               - sceneFactory: com.almasb.fxgl.app.scene.SceneFactory@11d07ed2
17:25:08.952 [FXGL Background Thread 3 ] DEBUG Engine               - secondsIn24h: 60
17:25:08.953 [FXGL Background Thread 3 ] DEBUG Engine               - soundMenuBack: menu/back.wav
17:25:08.953 [FXGL Background Thread 3 ] DEBUG Engine               - soundMenuPress: menu/press.wav
17:25:08.953 [FXGL Background Thread 3 ] DEBUG Engine               - soundMenuSelect: menu/select.wav
17:25:08.954 [FXGL Background Thread 3 ] DEBUG Engine               - soundNotification: core/notification.wav
17:25:08.954 [FXGL Background Thread 3 ] DEBUG Engine               - stageStyle: DECORATED
17:25:08.955 [FXGL Background Thread 3 ] DEBUG Engine               - supportedLanguages: [ENGLISH, FRENCH, GERMAN, HUNGARIAN, RUSSIAN]
17:25:08.955 [FXGL Background Thread 3 ] DEBUG Engine               - ticksPerSecond: -1
17:25:08.955 [FXGL Background Thread 3 ] DEBUG Engine               - title: Untitled
17:25:08.956 [FXGL Background Thread 3 ] DEBUG Engine               - urlGithub: https://github.com/AlmasB/FXGL
17:25:08.956 [FXGL Background Thread 3 ] DEBUG Engine               - urlLeaderboard: http://fxgl-top.herokuapp.com/
17:25:08.957 [FXGL Background Thread 3 ] DEBUG Engine               - urlPOM: https://raw.githubusercontent.com/AlmasB/FXGL/release/README.md
17:25:08.957 [FXGL Background Thread 3 ] DEBUG Engine               - userAppClass: class TestPackage.BasicGameSample
17:25:08.957 [FXGL Background Thread 3 ] DEBUG Engine               - version: 0.0
17:25:08.958 [FXGL Background Thread 3 ] DEBUG Engine               - versionCheckDays: 7
17:25:08.958 [FXGL Background Thread 3 ] DEBUG Engine               - width: 800
17:25:08.958 [FXGL Background Thread 3 ] DEBUG Engine               - Logging services
17:25:08.959 [FXGL Background Thread 3 ] DEBUG Engine               - class com.almasb.fxgl.app.services.FXGLAssetLoaderService
17:25:08.959 [FXGL Background Thread 3 ] DEBUG Engine               - class com.almasb.fxgl.app.FXGLApplication$GameApplicationService
17:25:08.959 [FXGL Background Thread 3 ] DEBUG Engine               - class com.almasb.fxgl.app.services.FXGLDialogService
17:25:08.960 [FXGL Background Thread 3 ] DEBUG Engine               - class com.almasb.fxgl.app.services.IOTaskExecutorService
17:25:08.960 [FXGL Background Thread 3 ] DEBUG Engine               - class com.almasb.fxgl.io.FileSystemService
17:25:08.960 [FXGL Background Thread 3 ] DEBUG Engine               - class com.almasb.fxgl.localization.LocalizationService
17:25:08.961 [FXGL Background Thread 3 ] DEBUG Engine               - class com.almasb.fxgl.app.services.SystemBundleService
17:25:08.961 [FXGL Background Thread 3 ] DEBUG Engine               - class com.almasb.fxgl.profile.SaveLoadService
17:25:08.961 [FXGL Background Thread 3 ] DEBUG Engine               - class com.almasb.fxgl.ui.FXGLUIFactoryServiceProvider
17:25:08.962 [FXGL Background Thread 3 ] DEBUG Engine               - class com.almasb.fxgl.ui.FXGLDialogFactoryServiceProvider
17:25:08.962 [FXGL Background Thread 3 ] DEBUG Engine               - class com.almasb.fxgl.audio.AudioPlayer
17:25:08.962 [FXGL Background Thread 3 ] DEBUG Engine               - class com.almasb.fxgl.notification.impl.NotificationServiceProvider
17:25:08.963 [FXGL Background Thread 3 ] DEBUG Engine               - class com.almasb.fxgl.achievement.AchievementService
17:25:08.963 [FXGL Background Thread 3 ] DEBUG Engine               - class com.almasb.fxgl.cutscene.CutsceneService
17:25:08.963 [FXGL Background Thread 3 ] DEBUG Engine               - class com.almasb.fxgl.minigames.MiniGameService
17:25:08.963 [FXGL Background Thread 3 ] DEBUG Engine               - class com.almasb.fxgl.net.NetService
17:25:08.964 [FXGL Background Thread 3 ] DEBUG Engine               - class com.almasb.fxgl.app.services.UpdaterService
17:25:08.964 [FXGL Background Thread 3 ] DEBUG Engine               - class com.almasb.fxgl.dev.DevService
17:25:33.713 [JavaFX Application Thread] DEBUG FXGLApplication      - Exiting FXGL
17:25:33.714 [JavaFX Application Thread] DEBUG LoopRunner           - Stopping loop
17:25:33.714 [JavaFX Application Thread] DEBUG SystemBundleService  - Saving FXGL system data
17:25:33.719 [JavaFX Application Thread] DEBUG FileSystemAccess     - Writing to: /home/me/ComProg_Project/system/fxgl.bundle
17:25:33.725 [JavaFX Application Thread] DEBUG Async                - Shutting down background threads
17:25:33.726 [JavaFX Application Thread] DEBUG PrimaryStageWindow   - Closing main window
17:25:33.734 [JavaFX Application Thread] DEBUG Logger               - Closing Logger
