17:14:56.184 [main                     ] DEBUG Logger               - Configured Logger
17:14:56.194 [main                     ] DEBUG GameApplication      - Logging settings
Title: Untitled
Version: 0.0
Width: 800
Height: 600
Fullscreen: false
Intro: false
Profiling: false
Single step:false
App Mode: DEVELOPER
Menu Key: ESCAPE
Stage Style: DECORATED
Scene Factory: class com.almasb.fxgl.app.scene.SceneFactory

17:14:56.420 [JavaFX Application Thread] DEBUG FXGLApplication      - Initializing FXGL
17:14:56.426 [JavaFX Application Thread] INFO  Engine               - FXGL-25 (05.02.2026 22.57) on LINUX (J:25.0.2 FX:21.0.6)
17:14:56.427 [JavaFX Application Thread] DEBUG Engine               - JRE Vendor Name: Arch Linux
17:14:56.427 [JavaFX Application Thread] DEBUG Engine               - Running on OS: Linux version 6.18.9-arch1-2
17:14:56.427 [JavaFX Application Thread] DEBUG Engine               - Architecture: amd64
17:14:56.427 [JavaFX Application Thread] INFO  Engine               - Source code and latest versions at: https://github.com/AlmasB/FXGL
17:14:56.427 [JavaFX Application Thread] INFO  Engine               -       Ask questions and discuss at: https://github.com/AlmasB/FXGL/discussions
17:14:56.510 [JavaFX Application Thread] DEBUG PrimaryStageWindow   - Creating a JavaFX scene
17:14:56.601 [JavaFX Application Thread] DEBUG PrimaryStageWindow   - Target settings size: 800.0 x 600.0
17:14:56.601 [JavaFX Application Thread] DEBUG PrimaryStageWindow   - Scaled scene size:    800.0 x 600.0
17:14:56.601 [JavaFX Application Thread] DEBUG PrimaryStageWindow   - Scaled ratio: (1.0, 1.0)
17:14:56.602 [JavaFX Application Thread] DEBUG PrimaryStageWindow   - Set initial scene to FXGLStartupScene
17:14:56.605 [JavaFX Application Thread] DEBUG PrimaryStageWindow   - Opening main window
17:14:56.677 [JavaFX Application Thread] DEBUG PrimaryStageWindow   - Window border size: (0.0, 35.0)
17:14:56.677 [JavaFX Application Thread] DEBUG PrimaryStageWindow   - Scaled size: 800.0 x 565.0
17:14:56.678 [JavaFX Application Thread] DEBUG PrimaryStageWindow   - Scaled ratio: (1.0, 0.9416666666666667)
17:14:56.678 [JavaFX Application Thread] DEBUG PrimaryStageWindow   - Scene size: 800.0 x 600.0
17:14:56.678 [JavaFX Application Thread] DEBUG PrimaryStageWindow   - Stage size: 800.0 x 600.0
17:14:56.683 [FXGL Background Thread 1 ] DEBUG Engine               - Initializing environment variables
17:14:56.766 [FXGL Background Thread 1 ] DEBUG FXGLAssetLoaderServi - User app class for loading assets: class TestPackage.BasicGameSample
17:14:56.767 [FXGL Background Thread 1 ] DEBUG GameApplicationServi - Applying CSS: fxgl_dark.css
17:14:56.768 [FXGL Background Thread 1 ] DEBUG FXGLAssetLoaderServi - Loading from file system: jar:file:///home/me/.m2/repository/com/github/almasb/fxgl/25/fxgl-25.jar!/fxglassets/ui/css/fxgl_dark.css
17:14:56.819 [FXGL Background Thread 1 ] DEBUG GameApplicationServi - Initializing application scenes
17:14:56.870 [FXGL Background Thread 1 ] DEBUG GameWorld            - Game world initialized
17:14:56.938 [FXGL Background Thread 1 ] DEBUG PhysicsWorld         - Physics world initialized: appHeight=600, physics.ppm=50.0
17:14:56.939 [FXGL Background Thread 1 ] DEBUG PhysicsWorld         - Using strategy: BRUTE_FORCE
17:14:56.945 [FXGL Background Thread 1 ] DEBUG GameScene            - Game scene initialized: 800x600
17:14:56.958 [FXGL Background Thread 1 ] DEBUG FXGL.DefaultMenu     - createMenuBodyGameMenu()
17:14:56.979 [FXGL Background Thread 1 ] DEBUG FXGL.DefaultMenu     - createOptionsMenu()
17:14:56.988 [FXGL Background Thread 1 ] DEBUG FXGLAssetLoaderServi - Loading from file system: jar:file:///home/me/.m2/repository/com/github/almasb/fxgl/25/fxgl-25.jar!/fxglassets/textures/particles/smoke.png
17:14:57.090 [FXGL Background Thread 1 ] DEBUG FXGLAssetLoaderServi - Loading from file system: jar:file:///home/me/.m2/repository/com/github/almasb/fxgl/25/fxgl-25.jar!/fxglassets/textures/particles/trace_horizontal.png
17:14:57.134 [FXGL Background Thread 1 ] DEBUG GameApplicationServi - Application scenes initialized
17:14:57.148 [FXGL Background Thread 1 ] DEBUG SystemBundleService  - Loading FXGL system data
17:14:57.151 [FXGL Background Thread 1 ] DEBUG FileSystemAccess     - Reading from: /home/me/ComProg_Project/system/fxgl.bundle
17:14:57.160 [FXGL Background Thread 1 ] DEBUG SystemBundleService  - Bundle FXGL: {}
17:14:57.160 [FXGL Background Thread 1 ] DEBUG UpdaterService       - Checking for updates
17:14:57.171 [FXGL Background Thread 4 ] DEBUG FXGLApplication      - Loading fonts
17:14:57.171 [FXGL Background Thread 4 ] DEBUG FXGLAssetLoaderServi - Loading from file system: jar:file:///home/me/.m2/repository/com/github/almasb/fxgl/25/fxgl-25.jar!/fxglassets/ui/fonts/VarelaRound-Regular.ttf
17:14:57.172 [FXGL Background Thread 1 ] DEBUG FXGLApplication      - Loading default localization
17:14:57.172 [FXGL Background Thread 1 ] DEBUG FXGLAssetLoaderServi - Loading from file system: jar:file:///home/me/.m2/repository/com/github/almasb/fxgl/25/fxgl-25.jar!/fxglassets/languages/english.lang
17:14:57.182 [FXGL Background Thread 4 ] DEBUG FXGLAssetLoaderServi - Loading from file system: jar:file:///home/me/.m2/repository/com/github/almasb/fxgl/25/fxgl-25.jar!/fxglassets/ui/fonts/Abel-Regular.ttf
17:14:57.184 [FXGL Background Thread 4 ] DEBUG FXGLAssetLoaderServi - Loading from file system: jar:file:///home/me/.m2/repository/com/github/almasb/fxgl/25/fxgl-25.jar!/fxglassets/ui/fonts/TerminalLandMono-Regular.otf
17:14:57.186 [FXGL Background Thread 4 ] DEBUG FXGLAssetLoaderServi - Loading from file system: jar:file:///home/me/.m2/repository/com/github/almasb/fxgl/25/fxgl-25.jar!/fxglassets/ui/fonts/Courier-Prime.ttf
17:14:57.190 [FXGL Background Thread 1 ] INFO  FXGLApplication      - FXGL initialization took: 0.507 sec
17:14:57.190 [JavaFX Application Thread] DEBUG FXGLApplication      - Registering font factories with UI factory
17:14:57.196 [JavaFX Application Thread] DEBUG FXGLAssetLoaderServi - Loading from file system: jar:file:///home/me/.m2/repository/com/github/almasb/fxgl/25/fxgl-25.jar!/fxglassets/textures/fxgl_icon.png
17:14:57.232 [JavaFX Application Thread] DEBUG FXGLAssetLoaderServi - Loading from file system: jar:file:///home/me/.m2/repository/com/github/almasb/fxgl/25/fxgl-25.jar!/fxglassets/textures/fxgl_default_cursor.png
17:14:57.249 [JavaFX Application Thread] DEBUG Input                - Registered new binding: Screenshot - CTRL+8
17:14:57.249 [JavaFX Application Thread] DEBUG Input                - Registered new binding: System info dump - CTRL+9
17:14:57.250 [JavaFX Application Thread] DEBUG Input                - Registered new binding: Restart - CTRL+R
17:14:57.250 [JavaFX Application Thread] DEBUG Input                - Registered new binding: Toggle Debug Camera - CTRL+7
17:14:57.253 [JavaFX Application Thread] DEBUG LoopRunner           - Starting loop
17:14:57.253 [JavaFX Application Thread] DEBUG LoopRunner           - Initializing JavaFX AnimationTimerLoop
17:14:57.254 [JavaFX Application Thread] DEBUG GameApplicationServi - Starting new game
17:14:57.255 [JavaFX Application Thread] DEBUG Input                - Clearing active input actions
17:14:57.273 [JavaFX Application Thread] DEBUG GameApplicationServi - Removing overlay from FXGLStartupScene and adding to FXGLLoadingScene
17:14:57.274 [JavaFX Application Thread] DEBUG PrimaryStageWindow   - FXGLStartupScene -> FXGLLoadingScene
17:14:57.274 [JavaFX Application Thread] DEBUG GameApplicationServi - Clearing previous game
17:14:57.274 [JavaFX Application Thread] DEBUG GameScene            - Clearing game scene
17:14:57.274 [JavaFX Application Thread] DEBUG GameWorld            - Clearing game world
17:14:57.274 [JavaFX Application Thread] DEBUG PhysicsWorld         - Clearing physics world
17:14:57.275 [FXGL Background Thread 1 ] DEBUG FXGLApplication      - Initializing game
17:14:57.322 [FXGL Background Thread 1 ] DEBUG FXGLAssetLoaderServi - Loading from file system: file:/home/me/ComProg_Project/target/classes/assets/textures/idle_sprite.png
17:14:57.346 [FXGL Background Thread 1 ] INFO  FXGLApplication      - Game initialization took: 0.071 sec
17:14:57.470 [JavaFX Application Thread] DEBUG Input                - Clearing active input actions
17:14:57.483 [JavaFX Application Thread] DEBUG GameApplicationServi - Removing overlay from FXGLLoadingScene and adding to GameScene
17:14:57.484 [JavaFX Application Thread] DEBUG PrimaryStageWindow   - FXGLLoadingScene -> GameScene
17:15:00.168 [FXGL Background Thread 3 ] DEBUG Engine               - Logging environment variables
17:15:00.168 [FXGL Background Thread 3 ] DEBUG Engine               - achievements: []
17:15:00.168 [FXGL Background Thread 3 ] DEBUG Engine               - actualHeight: 565.0
17:15:00.169 [FXGL Background Thread 3 ] DEBUG Engine               - actualHeightProperty: ReadOnlyDoubleProperty [value: 565.0]
17:15:00.169 [FXGL Background Thread 3 ] DEBUG Engine               - actualWidth: 800.0
17:15:00.169 [FXGL Background Thread 3 ] DEBUG Engine               - actualWidthProperty: ReadOnlyDoubleProperty [value: 800.0]
17:15:00.169 [FXGL Background Thread 3 ] DEBUG Engine               - appIcon: fxgl_icon.png
17:15:00.169 [FXGL Background Thread 3 ] DEBUG Engine               - applicationMode: DEVELOPER
17:15:00.169 [FXGL Background Thread 3 ] DEBUG Engine               - cSSList: [fxgl_dark.css]
17:15:00.169 [FXGL Background Thread 3 ] DEBUG Engine               - collisionDetectionStrategy: BRUTE_FORCE
17:15:00.169 [FXGL Background Thread 3 ] DEBUG Engine               - configClass: Optional.empty
17:15:00.169 [FXGL Background Thread 3 ] DEBUG Engine               - credits: []
17:15:00.169 [FXGL Background Thread 3 ] DEBUG Engine               - defaultCursor: CursorInfo(imageName=fxgl_default_cursor.png, hotspotX=7.0, hotspotY=6.0)
17:15:00.169 [FXGL Background Thread 3 ] DEBUG Engine               - devBBoxColorProperty: ObjectProperty [value: 0xff0000ff]
17:15:00.169 [FXGL Background Thread 3 ] DEBUG Engine               - devEnableDebugCameraProperty: BooleanProperty [value: false]
17:15:00.170 [FXGL Background Thread 3 ] DEBUG Engine               - devSensorColorProperty: ObjectProperty [value: 0xffff00ff]
17:15:00.170 [FXGL Background Thread 3 ] DEBUG Engine               - devShowBBoxProperty: BooleanProperty [value: false]
17:15:00.170 [FXGL Background Thread 3 ] DEBUG Engine               - devShowPositionProperty: BooleanProperty [value: false]
17:15:00.170 [FXGL Background Thread 3 ] DEBUG Engine               - enabledMenuItems: []
17:15:00.170 [FXGL Background Thread 3 ] DEBUG Engine               - engineServices: [class com.almasb.fxgl.app.services.FXGLAssetLoaderService, class com.almasb.fxgl.app.FXGLApplication$GameApplicationService, class com.almasb.fxgl.app.services.FXGLDialogService, class com.almasb.fxgl.app.services.IOTaskExecutorService, class com.almasb.fxgl.io.FileSystemService, class com.almasb.fxgl.localization.LocalizationService, class com.almasb.fxgl.app.services.SystemBundleService, class com.almasb.fxgl.profile.SaveLoadService, class com.almasb.fxgl.ui.FXGLUIFactoryServiceProvider, class com.almasb.fxgl.ui.FXGLDialogFactoryServiceProvider, class com.almasb.fxgl.audio.AudioPlayer, class com.almasb.fxgl.notification.impl.NotificationServiceProvider, class com.almasb.fxgl.achievement.AchievementService, class com.almasb.fxgl.cutscene.CutsceneService, class com.almasb.fxgl.minigames.MiniGameService, class com.almasb.fxgl.net.NetService, class com.almasb.fxgl.app.services.UpdaterService, class com.almasb.fxgl.dev.DevService]
17:15:00.170 [FXGL Background Thread 3 ] DEBUG Engine               - fontGame: Abel-Regular.ttf
17:15:00.170 [FXGL Background Thread 3 ] DEBUG Engine               - fontMono: TerminalLandMono-Regular.otf
17:15:00.170 [FXGL Background Thread 3 ] DEBUG Engine               - fontSizeScaleUI: 1.0
17:15:00.170 [FXGL Background Thread 3 ] DEBUG Engine               - fontText: Courier-Prime.ttf
17:15:00.170 [FXGL Background Thread 3 ] DEBUG Engine               - fontUI: VarelaRound-Regular.ttf
17:15:00.170 [FXGL Background Thread 3 ] DEBUG Engine               - fpsRefreshRate: 500.0 ms
17:15:00.170 [FXGL Background Thread 3 ] DEBUG Engine               - fullScreen: BooleanProperty [value: false]
17:15:00.171 [FXGL Background Thread 3 ] DEBUG Engine               - gameDifficulty: MEDIUM
17:15:00.171 [FXGL Background Thread 3 ] DEBUG Engine               - gameDifficultyProperty: ObjectProperty [value: MEDIUM]
17:15:00.171 [FXGL Background Thread 3 ] DEBUG Engine               - globalMusicVolume: 0.5
17:15:00.171 [FXGL Background Thread 3 ] DEBUG Engine               - globalMusicVolumeProperty: DoubleProperty [value: 0.5]
17:15:00.171 [FXGL Background Thread 3 ] DEBUG Engine               - globalSoundVolume: 0.5
17:15:00.171 [FXGL Background Thread 3 ] DEBUG Engine               - globalSoundVolumeProperty: DoubleProperty [value: 0.5]
17:15:00.171 [FXGL Background Thread 3 ] DEBUG Engine               - height: 600
17:15:00.171 [FXGL Background Thread 3 ] DEBUG Engine               - is3D: false
17:15:00.171 [FXGL Background Thread 3 ] DEBUG Engine               - isAndroid: false
17:15:00.171 [FXGL Background Thread 3 ] DEBUG Engine               - isBrowser: false
17:15:00.171 [FXGL Background Thread 3 ] DEBUG Engine               - isClickFeedbackEnabled: false
17:15:00.171 [FXGL Background Thread 3 ] DEBUG Engine               - isCloseConfirmation: false
17:15:00.171 [FXGL Background Thread 3 ] DEBUG Engine               - isDesktop: true
17:15:00.171 [FXGL Background Thread 3 ] DEBUG Engine               - isDeveloperMenuEnabled: false
17:15:00.171 [FXGL Background Thread 3 ] DEBUG Engine               - isEmbedded: false
17:15:00.171 [FXGL Background Thread 3 ] DEBUG Engine               - isEntityPreloadEnabled: true
17:15:00.171 [FXGL Background Thread 3 ] DEBUG Engine               - isExperimentalTiledLargeMap: false
17:15:00.172 [FXGL Background Thread 3 ] DEBUG Engine               - isFileSystemWriteAllowed: true
17:15:00.172 [FXGL Background Thread 3 ] DEBUG Engine               - isFullScreenAllowed: false
17:15:00.172 [FXGL Background Thread 3 ] DEBUG Engine               - isFullScreenFromStart: false
17:15:00.172 [FXGL Background Thread 3 ] DEBUG Engine               - isGameMenuEnabled: true
17:15:00.172 [FXGL Background Thread 3 ] DEBUG Engine               - isIOS: false
17:15:00.172 [FXGL Background Thread 3 ] DEBUG Engine               - isIntroEnabled: false
17:15:00.172 [FXGL Background Thread 3 ] DEBUG Engine               - isLinux: true
17:15:00.172 [FXGL Background Thread 3 ] DEBUG Engine               - isMac: false
17:15:00.172 [FXGL Background Thread 3 ] DEBUG Engine               - isMainMenuEnabled: false
17:15:00.172 [FXGL Background Thread 3 ] DEBUG Engine               - isManualResizeEnabled: false
17:15:00.172 [FXGL Background Thread 3 ] DEBUG Engine               - isMobile: false
17:15:00.172 [FXGL Background Thread 3 ] DEBUG Engine               - isNative: false
17:15:00.172 [FXGL Background Thread 3 ] DEBUG Engine               - isPauseMusicWhenMinimized: true
17:15:00.172 [FXGL Background Thread 3 ] DEBUG Engine               - isPreserveResizeRatio: false
17:15:00.173 [FXGL Background Thread 3 ] DEBUG Engine               - isProfilingEnabled: false
17:15:00.173 [FXGL Background Thread 3 ] DEBUG Engine               - isScaleAffectedOnResize: true
17:15:00.173 [FXGL Background Thread 3 ] DEBUG Engine               - isSingleStep: false
17:15:00.173 [FXGL Background Thread 3 ] DEBUG Engine               - isUserProfileEnabled: false
17:15:00.173 [FXGL Background Thread 3 ] DEBUG Engine               - isWindows: false
17:15:00.173 [FXGL Background Thread 3 ] DEBUG Engine               - language: ObjectProperty [value: ENGLISH]
17:15:00.173 [FXGL Background Thread 3 ] DEBUG Engine               - menuKey: ESCAPE
17:15:00.173 [FXGL Background Thread 3 ] DEBUG Engine               - mouseSensitivity: 0.2
17:15:00.173 [FXGL Background Thread 3 ] DEBUG Engine               - notificationViewClass: class com.almasb.fxgl.notification.view.XboxNotificationView
17:15:00.173 [FXGL Background Thread 3 ] DEBUG Engine               - pixelsPerMeter: 50.0
17:15:00.173 [FXGL Background Thread 3 ] DEBUG Engine               - platform: LINUX
17:15:00.174 [FXGL Background Thread 3 ] DEBUG Engine               - prefHeightProperty: ReadOnlyDoubleProperty [value: 600.0]
17:15:00.174 [FXGL Background Thread 3 ] DEBUG Engine               - prefWidthProperty: ReadOnlyDoubleProperty [value: 800.0]
17:15:00.174 [FXGL Background Thread 3 ] DEBUG Engine               - profileDir: profiles/
17:15:00.174 [FXGL Background Thread 3 ] DEBUG Engine               - profileName: StringProperty [value: DEFAULT]
17:15:00.174 [FXGL Background Thread 3 ] DEBUG Engine               - randomSeed: -1
17:15:00.174 [FXGL Background Thread 3 ] DEBUG Engine               - runtimeInfo: RuntimeInfo(platform=LINUX, version=25, build=05.02.2026 22.57)
17:15:00.174 [FXGL Background Thread 3 ] DEBUG Engine               - saveFileExt: sav
17:15:00.174 [FXGL Background Thread 3 ] DEBUG Engine               - scaledHeightProp$fxgl: DoubleProperty [bound, value: 565.0]
17:15:00.174 [FXGL Background Thread 3 ] DEBUG Engine               - scaledWidthProp$fxgl: DoubleProperty [bound, value: 800.0]
17:15:00.174 [FXGL Background Thread 3 ] DEBUG Engine               - sceneFactory: com.almasb.fxgl.app.scene.SceneFactory@17feee5
17:15:00.174 [FXGL Background Thread 3 ] DEBUG Engine               - secondsIn24h: 60
17:15:00.174 [FXGL Background Thread 3 ] DEBUG Engine               - soundMenuBack: menu/back.wav
17:15:00.174 [FXGL Background Thread 3 ] DEBUG Engine               - soundMenuPress: menu/press.wav
17:15:00.175 [FXGL Background Thread 3 ] DEBUG Engine               - soundMenuSelect: menu/select.wav
17:15:00.175 [FXGL Background Thread 3 ] DEBUG Engine               - soundNotification: core/notification.wav
17:15:00.175 [FXGL Background Thread 3 ] DEBUG Engine               - stageStyle: DECORATED
17:15:00.175 [FXGL Background Thread 3 ] DEBUG Engine               - supportedLanguages: [ENGLISH, FRENCH, GERMAN, HUNGARIAN, RUSSIAN]
17:15:00.175 [FXGL Background Thread 3 ] DEBUG Engine               - ticksPerSecond: -1
17:15:00.175 [FXGL Background Thread 3 ] DEBUG Engine               - title: Untitled
17:15:00.175 [FXGL Background Thread 3 ] DEBUG Engine               - urlGithub: https://github.com/AlmasB/FXGL
17:15:00.175 [FXGL Background Thread 3 ] DEBUG Engine               - urlLeaderboard: http://fxgl-top.herokuapp.com/
17:15:00.175 [FXGL Background Thread 3 ] DEBUG Engine               - urlPOM: https://raw.githubusercontent.com/AlmasB/FXGL/release/README.md
17:15:00.175 [FXGL Background Thread 3 ] DEBUG Engine               - userAppClass: class TestPackage.BasicGameSample
17:15:00.175 [FXGL Background Thread 3 ] DEBUG Engine               - version: 0.0
17:15:00.175 [FXGL Background Thread 3 ] DEBUG Engine               - versionCheckDays: 7
17:15:00.175 [FXGL Background Thread 3 ] DEBUG Engine               - width: 800
17:15:00.175 [FXGL Background Thread 3 ] DEBUG Engine               - Logging services
17:15:00.175 [FXGL Background Thread 3 ] DEBUG Engine               - class com.almasb.fxgl.app.services.FXGLAssetLoaderService
17:15:00.175 [FXGL Background Thread 3 ] DEBUG Engine               - class com.almasb.fxgl.app.FXGLApplication$GameApplicationService
17:15:00.175 [FXGL Background Thread 3 ] DEBUG Engine               - class com.almasb.fxgl.app.services.FXGLDialogService
17:15:00.175 [FXGL Background Thread 3 ] DEBUG Engine               - class com.almasb.fxgl.app.services.IOTaskExecutorService
17:15:00.175 [FXGL Background Thread 3 ] DEBUG Engine               - class com.almasb.fxgl.io.FileSystemService
17:15:00.175 [FXGL Background Thread 3 ] DEBUG Engine               - class com.almasb.fxgl.localization.LocalizationService
17:15:00.176 [FXGL Background Thread 3 ] DEBUG Engine               - class com.almasb.fxgl.app.services.SystemBundleService
17:15:00.176 [FXGL Background Thread 3 ] DEBUG Engine               - class com.almasb.fxgl.profile.SaveLoadService
17:15:00.176 [FXGL Background Thread 3 ] DEBUG Engine               - class com.almasb.fxgl.ui.FXGLUIFactoryServiceProvider
17:15:00.176 [FXGL Background Thread 3 ] DEBUG Engine               - class com.almasb.fxgl.ui.FXGLDialogFactoryServiceProvider
17:15:00.176 [FXGL Background Thread 3 ] DEBUG Engine               - class com.almasb.fxgl.audio.AudioPlayer
17:15:00.176 [FXGL Background Thread 3 ] DEBUG Engine               - class com.almasb.fxgl.notification.impl.NotificationServiceProvider
17:15:00.176 [FXGL Background Thread 3 ] DEBUG Engine               - class com.almasb.fxgl.achievement.AchievementService
17:15:00.176 [FXGL Background Thread 3 ] DEBUG Engine               - class com.almasb.fxgl.cutscene.CutsceneService
17:15:00.176 [FXGL Background Thread 3 ] DEBUG Engine               - class com.almasb.fxgl.minigames.MiniGameService
17:15:00.176 [FXGL Background Thread 3 ] DEBUG Engine               - class com.almasb.fxgl.net.NetService
17:15:00.176 [FXGL Background Thread 3 ] DEBUG Engine               - class com.almasb.fxgl.app.services.UpdaterService
17:15:00.176 [FXGL Background Thread 3 ] DEBUG Engine               - class com.almasb.fxgl.dev.DevService
17:15:01.237 [JavaFX Application Thread] DEBUG FXGLApplication      - Exiting FXGL
17:15:01.237 [JavaFX Application Thread] DEBUG LoopRunner           - Stopping loop
17:15:01.237 [JavaFX Application Thread] DEBUG SystemBundleService  - Saving FXGL system data
17:15:01.238 [JavaFX Application Thread] DEBUG FileSystemAccess     - Writing to: /home/me/ComProg_Project/system/fxgl.bundle
17:15:01.240 [JavaFX Application Thread] DEBUG Async                - Shutting down background threads
17:15:01.240 [JavaFX Application Thread] DEBUG PrimaryStageWindow   - Closing main window
17:15:01.243 [JavaFX Application Thread] DEBUG Logger               - Closing Logger
