17:11:27.461 [main                     ] DEBUG Logger               - Configured Logger
17:11:27.467 [main                     ] DEBUG GameApplication      - Logging settings
Title: Untitled
Version: 0.0
Width: 800
Height: 600
Fullscreen: false
Intro: false
Profiling: false
Single step:false
App Mode: DEVELOPER
Menu Key: ESCAPE
Stage Style: DECORATED
Scene Factory: class com.almasb.fxgl.app.scene.SceneFactory

17:11:27.668 [JavaFX Application Thread] DEBUG FXGLApplication      - Initializing FXGL
17:11:27.671 [JavaFX Application Thread] INFO  Engine               - FXGL-25 (05.02.2026 22.57) on LINUX (J:25.0.2 FX:21.0.6)
17:11:27.671 [JavaFX Application Thread] DEBUG Engine               - JRE Vendor Name: Arch Linux
17:11:27.671 [JavaFX Application Thread] DEBUG Engine               - Running on OS: Linux version 6.18.9-arch1-2
17:11:27.671 [JavaFX Application Thread] DEBUG Engine               - Architecture: amd64
17:11:27.672 [JavaFX Application Thread] INFO  Engine               - Source code and latest versions at: https://github.com/AlmasB/FXGL
17:11:27.672 [JavaFX Application Thread] INFO  Engine               -       Ask questions and discuss at: https://github.com/AlmasB/FXGL/discussions
17:11:27.742 [JavaFX Application Thread] DEBUG PrimaryStageWindow   - Creating a JavaFX scene
17:11:27.821 [JavaFX Application Thread] DEBUG PrimaryStageWindow   - Target settings size: 800.0 x 600.0
17:11:27.821 [JavaFX Application Thread] DEBUG PrimaryStageWindow   - Scaled scene size:    800.0 x 600.0
17:11:27.821 [JavaFX Application Thread] DEBUG PrimaryStageWindow   - Scaled ratio: (1.0, 1.0)
17:11:27.822 [JavaFX Application Thread] DEBUG PrimaryStageWindow   - Set initial scene to FXGLStartupScene
17:11:27.825 [JavaFX Application Thread] DEBUG PrimaryStageWindow   - Opening main window
17:11:27.894 [JavaFX Application Thread] DEBUG PrimaryStageWindow   - Window border size: (0.0, 35.0)
17:11:27.894 [JavaFX Application Thread] DEBUG PrimaryStageWindow   - Scaled size: 800.0 x 565.0
17:11:27.894 [JavaFX Application Thread] DEBUG PrimaryStageWindow   - Scaled ratio: (1.0, 0.9416666666666667)
17:11:27.894 [JavaFX Application Thread] DEBUG PrimaryStageWindow   - Scene size: 800.0 x 600.0
17:11:27.894 [JavaFX Application Thread] DEBUG PrimaryStageWindow   - Stage size: 800.0 x 600.0
17:11:27.899 [FXGL Background Thread 1 ] DEBUG Engine               - Initializing environment variables
17:11:27.976 [FXGL Background Thread 1 ] DEBUG FXGLAssetLoaderServi - User app class for loading assets: class TestPackage.BasicGameSample
17:11:27.976 [FXGL Background Thread 1 ] DEBUG GameApplicationServi - Applying CSS: fxgl_dark.css
17:11:27.977 [FXGL Background Thread 1 ] DEBUG FXGLAssetLoaderServi - Loading from file system: jar:file:///home/me/.m2/repository/com/github/almasb/fxgl/25/fxgl-25.jar!/fxglassets/ui/css/fxgl_dark.css
17:11:28.022 [FXGL Background Thread 1 ] DEBUG GameApplicationServi - Initializing application scenes
17:11:28.058 [FXGL Background Thread 1 ] DEBUG GameWorld            - Game world initialized
17:11:28.105 [FXGL Background Thread 1 ] DEBUG PhysicsWorld         - Physics world initialized: appHeight=600, physics.ppm=50.0
17:11:28.105 [FXGL Background Thread 1 ] DEBUG PhysicsWorld         - Using strategy: BRUTE_FORCE
17:11:28.110 [FXGL Background Thread 1 ] DEBUG GameScene            - Game scene initialized: 800x600
17:11:28.121 [FXGL Background Thread 1 ] DEBUG FXGL.DefaultMenu     - createMenuBodyGameMenu()
17:11:28.132 [FXGL Background Thread 1 ] DEBUG FXGL.DefaultMenu     - createOptionsMenu()
17:11:28.140 [FXGL Background Thread 1 ] DEBUG FXGLAssetLoaderServi - Loading from file system: jar:file:///home/me/.m2/repository/com/github/almasb/fxgl/25/fxgl-25.jar!/fxglassets/textures/particles/smoke.png
17:11:28.237 [FXGL Background Thread 1 ] DEBUG FXGLAssetLoaderServi - Loading from file system: jar:file:///home/me/.m2/repository/com/github/almasb/fxgl/25/fxgl-25.jar!/fxglassets/textures/particles/trace_horizontal.png
17:11:28.277 [FXGL Background Thread 1 ] DEBUG GameApplicationServi - Application scenes initialized
17:11:28.290 [FXGL Background Thread 1 ] DEBUG SystemBundleService  - Loading FXGL system data
17:11:28.295 [FXGL Background Thread 1 ] DEBUG FileSystemAccess     - Reading from: /home/me/ComProg_Project/system/fxgl.bundle
17:11:28.303 [FXGL Background Thread 1 ] DEBUG SystemBundleService  - Bundle FXGL: {}
17:11:28.303 [FXGL Background Thread 1 ] DEBUG UpdaterService       - Checking for updates
17:11:28.308 [FXGL Background Thread 4 ] DEBUG FXGLApplication      - Loading fonts
17:11:28.308 [FXGL Background Thread 4 ] DEBUG FXGLAssetLoaderServi - Loading from file system: jar:file:///home/me/.m2/repository/com/github/almasb/fxgl/25/fxgl-25.jar!/fxglassets/ui/fonts/VarelaRound-Regular.ttf
17:11:28.308 [FXGL Background Thread 1 ] DEBUG FXGLApplication      - Loading default localization
17:11:28.309 [FXGL Background Thread 1 ] DEBUG FXGLAssetLoaderServi - Loading from file system: jar:file:///home/me/.m2/repository/com/github/almasb/fxgl/25/fxgl-25.jar!/fxglassets/languages/english.lang
17:11:28.315 [FXGL Background Thread 4 ] DEBUG FXGLAssetLoaderServi - Loading from file system: jar:file:///home/me/.m2/repository/com/github/almasb/fxgl/25/fxgl-25.jar!/fxglassets/ui/fonts/Abel-Regular.ttf
17:11:28.317 [FXGL Background Thread 4 ] DEBUG FXGLAssetLoaderServi - Loading from file system: jar:file:///home/me/.m2/repository/com/github/almasb/fxgl/25/fxgl-25.jar!/fxglassets/ui/fonts/TerminalLandMono-Regular.otf
17:11:28.318 [FXGL Background Thread 4 ] DEBUG FXGLAssetLoaderServi - Loading from file system: jar:file:///home/me/.m2/repository/com/github/almasb/fxgl/25/fxgl-25.jar!/fxglassets/ui/fonts/Courier-Prime.ttf
17:11:28.321 [JavaFX Application Thread] DEBUG FXGLApplication      - Registering font factories with UI factory
17:11:28.322 [FXGL Background Thread 1 ] INFO  FXGLApplication      - FXGL initialization took: 0.423 sec
17:11:28.323 [JavaFX Application Thread] DEBUG FXGLAssetLoaderServi - Loading from file system: jar:file:///home/me/.m2/repository/com/github/almasb/fxgl/25/fxgl-25.jar!/fxglassets/textures/fxgl_icon.png
17:11:28.344 [JavaFX Application Thread] DEBUG FXGLAssetLoaderServi - Loading from file system: jar:file:///home/me/.m2/repository/com/github/almasb/fxgl/25/fxgl-25.jar!/fxglassets/textures/fxgl_default_cursor.png
17:11:28.353 [JavaFX Application Thread] DEBUG Input                - Registered new binding: Screenshot - CTRL+8
17:11:28.354 [JavaFX Application Thread] DEBUG Input                - Registered new binding: System info dump - CTRL+9
17:11:28.354 [JavaFX Application Thread] DEBUG Input                - Registered new binding: Restart - CTRL+R
17:11:28.354 [JavaFX Application Thread] DEBUG Input                - Registered new binding: Toggle Debug Camera - CTRL+7
17:11:28.356 [JavaFX Application Thread] DEBUG LoopRunner           - Starting loop
17:11:28.357 [JavaFX Application Thread] DEBUG LoopRunner           - Initializing JavaFX AnimationTimerLoop
17:11:28.357 [JavaFX Application Thread] DEBUG GameApplicationServi - Starting new game
17:11:28.358 [JavaFX Application Thread] DEBUG Input                - Clearing active input actions
17:11:28.369 [JavaFX Application Thread] DEBUG GameApplicationServi - Removing overlay from FXGLStartupScene and adding to FXGLLoadingScene
17:11:28.369 [JavaFX Application Thread] DEBUG PrimaryStageWindow   - FXGLStartupScene -> FXGLLoadingScene
17:11:28.369 [JavaFX Application Thread] DEBUG GameApplicationServi - Clearing previous game
17:11:28.369 [JavaFX Application Thread] DEBUG GameScene            - Clearing game scene
17:11:28.370 [JavaFX Application Thread] DEBUG GameWorld            - Clearing game world
17:11:28.370 [JavaFX Application Thread] DEBUG PhysicsWorld         - Clearing physics world
17:11:28.371 [FXGL Background Thread 1 ] DEBUG FXGLApplication      - Initializing game
17:11:28.406 [FXGL Background Thread 1 ] DEBUG FXGLAssetLoaderServi - Loading from file system: file:/home/me/ComProg_Project/target/classes/assets/textures/idle_sprite.png
17:11:28.421 [FXGL Background Thread 1 ] INFO  FXGLApplication      - Game initialization took: 0.049 sec
17:11:28.486 [JavaFX Application Thread] DEBUG Input                - Clearing active input actions
17:11:28.497 [JavaFX Application Thread] DEBUG GameApplicationServi - Removing overlay from FXGLLoadingScene and adding to GameScene
17:11:28.498 [JavaFX Application Thread] DEBUG PrimaryStageWindow   - FXGLLoadingScene -> GameScene
17:11:30.304 [JavaFX Application Thread] DEBUG FXGLApplication      - Exiting FXGL
17:11:30.304 [JavaFX Application Thread] DEBUG LoopRunner           - Stopping loop
17:11:30.304 [JavaFX Application Thread] DEBUG SystemBundleService  - Saving FXGL system data
17:11:30.305 [JavaFX Application Thread] DEBUG FileSystemAccess     - Writing to: /home/me/ComProg_Project/system/fxgl.bundle
17:11:30.307 [JavaFX Application Thread] DEBUG Async                - Shutting down background threads
17:11:30.307 [JavaFX Application Thread] DEBUG PrimaryStageWindow   - Closing main window
17:11:30.311 [JavaFX Application Thread] DEBUG Logger               - Closing Logger
