17:14:16.599 [main                     ] DEBUG Logger               - Configured Logger
17:14:16.605 [main                     ] DEBUG GameApplication      - Logging settings
Title: Untitled
Version: 0.0
Width: 800
Height: 600
Fullscreen: false
Intro: false
Profiling: false
Single step:false
App Mode: DEVELOPER
Menu Key: ESCAPE
Stage Style: DECORATED
Scene Factory: class com.almasb.fxgl.app.scene.SceneFactory

17:14:16.793 [JavaFX Application Thread] DEBUG FXGLApplication      - Initializing FXGL
17:14:16.796 [JavaFX Application Thread] INFO  Engine               - FXGL-25 (05.02.2026 22.57) on LINUX (J:25.0.2 FX:21.0.6)
17:14:16.797 [JavaFX Application Thread] DEBUG Engine               - JRE Vendor Name: Arch Linux
17:14:16.797 [JavaFX Application Thread] DEBUG Engine               - Running on OS: Linux version 6.18.9-arch1-2
17:14:16.797 [JavaFX Application Thread] DEBUG Engine               - Architecture: amd64
17:14:16.797 [JavaFX Application Thread] INFO  Engine               - Source code and latest versions at: https://github.com/AlmasB/FXGL
17:14:16.797 [JavaFX Application Thread] INFO  Engine               -       Ask questions and discuss at: https://github.com/AlmasB/FXGL/discussions
17:14:16.871 [JavaFX Application Thread] DEBUG PrimaryStageWindow   - Creating a JavaFX scene
17:14:16.949 [JavaFX Application Thread] DEBUG PrimaryStageWindow   - Target settings size: 800.0 x 600.0
17:14:16.950 [JavaFX Application Thread] DEBUG PrimaryStageWindow   - Scaled scene size:    800.0 x 600.0
17:14:16.950 [JavaFX Application Thread] DEBUG PrimaryStageWindow   - Scaled ratio: (1.0, 1.0)
17:14:16.950 [JavaFX Application Thread] DEBUG PrimaryStageWindow   - Set initial scene to FXGLStartupScene
17:14:16.954 [JavaFX Application Thread] DEBUG PrimaryStageWindow   - Opening main window
17:14:17.017 [JavaFX Application Thread] DEBUG PrimaryStageWindow   - Window border size: (0.0, 35.0)
17:14:17.017 [JavaFX Application Thread] DEBUG PrimaryStageWindow   - Scaled size: 800.0 x 565.0
17:14:17.018 [JavaFX Application Thread] DEBUG PrimaryStageWindow   - Scaled ratio: (1.0, 0.9416666666666667)
17:14:17.018 [JavaFX Application Thread] DEBUG PrimaryStageWindow   - Scene size: 800.0 x 600.0
17:14:17.018 [JavaFX Application Thread] DEBUG PrimaryStageWindow   - Stage size: 800.0 x 600.0
17:14:17.025 [FXGL Background Thread 1 ] DEBUG Engine               - Initializing environment variables
17:14:17.095 [FXGL Background Thread 1 ] DEBUG FXGLAssetLoaderServi - User app class for loading assets: class TestPackage.BasicGameSample
17:14:17.095 [FXGL Background Thread 1 ] DEBUG GameApplicationServi - Applying CSS: fxgl_dark.css
17:14:17.095 [FXGL Background Thread 1 ] DEBUG FXGLAssetLoaderServi - Loading from file system: jar:file:///home/me/.m2/repository/com/github/almasb/fxgl/25/fxgl-25.jar!/fxglassets/ui/css/fxgl_dark.css
17:14:17.137 [FXGL Background Thread 1 ] DEBUG GameApplicationServi - Initializing application scenes
17:14:17.175 [FXGL Background Thread 1 ] DEBUG GameWorld            - Game world initialized
17:14:17.219 [FXGL Background Thread 1 ] DEBUG PhysicsWorld         - Physics world initialized: appHeight=600, physics.ppm=50.0
17:14:17.219 [FXGL Background Thread 1 ] DEBUG PhysicsWorld         - Using strategy: BRUTE_FORCE
17:14:17.227 [FXGL Background Thread 1 ] DEBUG GameScene            - Game scene initialized: 800x600
17:14:17.238 [FXGL Background Thread 1 ] DEBUG FXGL.DefaultMenu     - createMenuBodyGameMenu()
17:14:17.249 [FXGL Background Thread 1 ] DEBUG FXGL.DefaultMenu     - createOptionsMenu()
17:14:17.257 [FXGL Background Thread 1 ] DEBUG FXGLAssetLoaderServi - Loading from file system: jar:file:///home/me/.m2/repository/com/github/almasb/fxgl/25/fxgl-25.jar!/fxglassets/textures/particles/smoke.png
17:14:17.354 [FXGL Background Thread 1 ] DEBUG FXGLAssetLoaderServi - Loading from file system: jar:file:///home/me/.m2/repository/com/github/almasb/fxgl/25/fxgl-25.jar!/fxglassets/textures/particles/trace_horizontal.png
17:14:17.386 [FXGL Background Thread 1 ] DEBUG GameApplicationServi - Application scenes initialized
17:14:17.396 [FXGL Background Thread 1 ] DEBUG SystemBundleService  - Loading FXGL system data
17:14:17.400 [FXGL Background Thread 1 ] DEBUG FileSystemAccess     - Reading from: /home/me/ComProg_Project/system/fxgl.bundle
17:14:17.405 [FXGL Background Thread 1 ] DEBUG SystemBundleService  - Bundle FXGL: {}
17:14:17.405 [FXGL Background Thread 1 ] DEBUG UpdaterService       - Checking for updates
17:14:17.410 [FXGL Background Thread 4 ] DEBUG FXGLApplication      - Loading fonts
17:14:17.411 [FXGL Background Thread 4 ] DEBUG FXGLAssetLoaderServi - Loading from file system: jar:file:///home/me/.m2/repository/com/github/almasb/fxgl/25/fxgl-25.jar!/fxglassets/ui/fonts/VarelaRound-Regular.ttf
17:14:17.411 [FXGL Background Thread 1 ] DEBUG FXGLApplication      - Loading default localization
17:14:17.412 [FXGL Background Thread 1 ] DEBUG FXGLAssetLoaderServi - Loading from file system: jar:file:///home/me/.m2/repository/com/github/almasb/fxgl/25/fxgl-25.jar!/fxglassets/languages/english.lang
17:14:17.417 [FXGL Background Thread 4 ] DEBUG FXGLAssetLoaderServi - Loading from file system: jar:file:///home/me/.m2/repository/com/github/almasb/fxgl/25/fxgl-25.jar!/fxglassets/ui/fonts/Abel-Regular.ttf
17:14:17.419 [FXGL Background Thread 4 ] DEBUG FXGLAssetLoaderServi - Loading from file system: jar:file:///home/me/.m2/repository/com/github/almasb/fxgl/25/fxgl-25.jar!/fxglassets/ui/fonts/TerminalLandMono-Regular.otf
17:14:17.421 [FXGL Background Thread 4 ] DEBUG FXGLAssetLoaderServi - Loading from file system: jar:file:///home/me/.m2/repository/com/github/almasb/fxgl/25/fxgl-25.jar!/fxglassets/ui/fonts/Courier-Prime.ttf
17:14:17.422 [FXGL Background Thread 1 ] INFO  FXGLApplication      - FXGL initialization took: 0.398 sec
17:14:17.424 [JavaFX Application Thread] DEBUG FXGLAssetLoaderServi - Loading from file system: jar:file:///home/me/.m2/repository/com/github/almasb/fxgl/25/fxgl-25.jar!/fxglassets/textures/fxgl_icon.png
17:14:17.453 [JavaFX Application Thread] DEBUG FXGLAssetLoaderServi - Loading from file system: jar:file:///home/me/.m2/repository/com/github/almasb/fxgl/25/fxgl-25.jar!/fxglassets/textures/fxgl_default_cursor.png
17:14:17.467 [JavaFX Application Thread] DEBUG Input                - Registered new binding: Screenshot - CTRL+8
17:14:17.467 [JavaFX Application Thread] DEBUG Input                - Registered new binding: System info dump - CTRL+9
17:14:17.468 [JavaFX Application Thread] DEBUG Input                - Registered new binding: Restart - CTRL+R
17:14:17.469 [JavaFX Application Thread] DEBUG Input                - Registered new binding: Toggle Debug Camera - CTRL+7
17:14:17.470 [JavaFX Application Thread] DEBUG LoopRunner           - Starting loop
17:14:17.471 [JavaFX Application Thread] DEBUG LoopRunner           - Initializing JavaFX AnimationTimerLoop
17:14:17.471 [JavaFX Application Thread] DEBUG GameApplicationServi - Starting new game
17:14:17.472 [JavaFX Application Thread] DEBUG Input                - Clearing active input actions
17:14:17.484 [JavaFX Application Thread] DEBUG GameApplicationServi - Removing overlay from FXGLStartupScene and adding to FXGLLoadingScene
17:14:17.484 [JavaFX Application Thread] DEBUG PrimaryStageWindow   - FXGLStartupScene -> FXGLLoadingScene
17:14:17.484 [JavaFX Application Thread] DEBUG GameApplicationServi - Clearing previous game
17:14:17.484 [JavaFX Application Thread] DEBUG GameScene            - Clearing game scene
17:14:17.484 [JavaFX Application Thread] DEBUG GameWorld            - Clearing game world
17:14:17.485 [JavaFX Application Thread] DEBUG PhysicsWorld         - Clearing physics world
17:14:17.486 [JavaFX Application Thread] DEBUG FXGLApplication      - Registering font factories with UI factory
17:14:17.486 [FXGL Background Thread 4 ] DEBUG FXGLApplication      - Initializing game
17:14:17.514 [FXGL Background Thread 4 ] DEBUG FXGLAssetLoaderServi - Loading from file system: file:/home/me/ComProg_Project/target/classes/assets/textures/idle_sprite.png
17:14:17.526 [FXGL Background Thread 4 ] INFO  FXGLApplication      - Game initialization took: 0.040 sec
17:14:17.598 [JavaFX Application Thread] DEBUG Input                - Clearing active input actions
17:14:17.610 [JavaFX Application Thread] DEBUG GameApplicationServi - Removing overlay from FXGLLoadingScene and adding to GameScene
17:14:17.611 [JavaFX Application Thread] DEBUG PrimaryStageWindow   - FXGLLoadingScene -> GameScene
17:14:19.618 [JavaFX Application Thread] DEBUG FXGLApplication      - Exiting FXGL
17:14:19.618 [JavaFX Application Thread] DEBUG LoopRunner           - Stopping loop
17:14:19.619 [JavaFX Application Thread] DEBUG SystemBundleService  - Saving FXGL system data
17:14:19.620 [JavaFX Application Thread] DEBUG FileSystemAccess     - Writing to: /home/me/ComProg_Project/system/fxgl.bundle
17:14:19.621 [JavaFX Application Thread] DEBUG Async                - Shutting down background threads
17:14:19.621 [JavaFX Application Thread] DEBUG PrimaryStageWindow   - Closing main window
17:14:19.624 [JavaFX Application Thread] DEBUG Logger               - Closing Logger
